<?xml version="1.0" encoding="UTF-8"?>
<!-- Generated by org.testng.reporters.JUnitReportReporter -->
<testsuite skipped="0" hostname="DESKTOP-IBD602Q" name="dataBase.dbms1$DatabaseTesingDemo" tests="1" failures="0" timestamp="29 Jul 2019 21:17:16 GMT" time="0.004" errors="0">
  <testcase name="test" time="0.004" classname="dataBase.dbms1$DatabaseTesingDemo"/>
</testsuite> <!-- dataBase.dbms1$DatabaseTesingDemo -->
