<?xml version="1.0" encoding="UTF-8"?>
<!-- Generated by org.testng.reporters.JUnitReportReporter -->
<testsuite hostname="DESKTOP-IBD602Q" name="demo.VarifyTitle" tests="1" failures="0" timestamp="4 Aug 2019 07:15:22 GMT" time="2.963" errors="0">
  <testcase name="VarifyTitle" time="2.963" classname="demo.VarifyTitle"/>
</testsuite> <!-- demo.VarifyTitle -->
