<?xml version="1.0" encoding="UTF-8"?>
<!-- Generated by org.testng.reporters.JUnitReportReporter -->
<testsuite hostname="DESKTOP-IBD602Q" name="demo.Prioritization" tests="4" failures="0" timestamp="4 Aug 2019 19:39:58 GMT" time="0.132" errors="0">
  <testcase name="verifyText3" time="0.042" classname="demo.Prioritization"/>
  <testcase name="verifyTitle" time="0.014" classname="demo.Prioritization"/>
  <testcase name="varifyRadioButton" time="0.028" classname="demo.Prioritization"/>
  <testcase name="verifyText2" time="0.048" classname="demo.Prioritization"/>
</testsuite> <!-- demo.Prioritization -->
