<?xml version="1.0" encoding="UTF-8"?>
<!-- Generated by org.testng.reporters.JUnitReportReporter -->
<testsuite hostname="DESKTOP-IBD602Q" name="kdf.Application" tests="1" failures="0" timestamp="7 Aug 2019 19:23:26 GMT" time="17.882" errors="0">
  <testcase name="testApplication" time="17.882" classname="kdf.Application"/>
</testsuite> <!-- kdf.Application -->
