<?xml version="1.0" encoding="UTF-8"?>
<!-- Generated by org.testng.reporters.JUnitReportReporter -->
<testsuite hostname="DESKTOP-IBD602Q" name="ddf.DataDrivenTesting" tests="1" failures="0" timestamp="7 Aug 2019 01:13:35 GMT" time="38.688" errors="0">
  <testcase name="applicationTest" time="38.688" classname="ddf.DataDrivenTesting"/>
</testsuite> <!-- ddf.DataDrivenTesting -->
